<?xml version="1.0" encoding="UTF-8"?>
<testng-results ignored="0" total="1" passed="1" failed="0" skipped="0">
  <reporter-output>
  </reporter-output>
  <suite started-at="2022-06-09T20:23:31 EDT" name="Default suite" finished-at="2022-06-09T20:23:40 EDT" duration-ms="8837">
    <groups>
    </groups>
    <test started-at="2022-06-09T20:23:31 EDT" name="Default test" finished-at="2022-06-09T20:23:40 EDT" duration-ms="8837">
      <class name="com.neotech.testcases.AddEmployeeTest">
        <test-method is-config="true" signature="generateReport()[pri:0, instance:com.neotech.testcases.AddEmployeeTest@117159c0]" started-at="2022-06-09T20:23:31 EDT" name="generateReport" finished-at="2022-06-09T20:23:32 EDT" duration-ms="258" status="PASS">
          <reporter-output>
          </reporter-output>
        </test-method> <!-- generateReport -->
        <test-method is-config="true" signature="setUp()[pri:0, instance:com.neotech.testcases.AddEmployeeTest@117159c0]" started-at="2022-06-09T20:23:32 EDT" name="setUp" finished-at="2022-06-09T20:23:35 EDT" duration-ms="3300" status="PASS">
          <reporter-output>
          </reporter-output>
        </test-method> <!-- setUp -->
        <test-method signature="AddEmployee()[pri:0, instance:com.neotech.testcases.AddEmployeeTest@117159c0]" started-at="2022-06-09T20:23:35 EDT" name="AddEmployee" finished-at="2022-06-09T20:23:40 EDT" duration-ms="4609" status="PASS">
          <reporter-output>
          </reporter-output>
        </test-method> <!-- AddEmployee -->
        <test-method is-config="true" signature="tearDown()[pri:0, instance:com.neotech.testcases.AddEmployeeTest@117159c0]" started-at="2022-06-09T20:23:40 EDT" name="tearDown" finished-at="2022-06-09T20:23:40 EDT" duration-ms="222" status="PASS">
          <reporter-output>
          </reporter-output>
        </test-method> <!-- tearDown -->
        <test-method is-config="true" signature="writeReport()[pri:0, instance:com.neotech.testcases.AddEmployeeTest@117159c0]" started-at="2022-06-09T20:23:40 EDT" name="writeReport" finished-at="2022-06-09T20:23:40 EDT" duration-ms="399" status="PASS">
          <reporter-output>
          </reporter-output>
        </test-method> <!-- writeReport -->
      </class> <!-- com.neotech.testcases.AddEmployeeTest -->
    </test> <!-- Default test -->
  </suite> <!-- Default suite -->
</testng-results>
