<?xml version="1.0" encoding="UTF-8"?>
<!-- Generated by org.testng.reporters.JUnitXMLReporter -->
<testsuite ignored="0" hostname="LAPTOP-0ET713J3" failures="0" tests="3" name="Test" time="20.985" errors="0" timestamp="2022-06-07T22:41:41 EDT">
  <testcase classname="com.neotech.testcases.LoginTest" name="emptyPasswordLogin" time="2.302"/>
  <testcase classname="com.neotech.testcases.LoginTest" name="invalidPasswordLogin" time="5.092"/>
  <testcase classname="com.neotech.testcases.LoginTest" name="validLogin" time="6.647"/>
</testsuite> <!-- Test -->
