<?xml version="1.0" encoding="UTF-8"?>
<testng-results ignored="0" total="3" passed="3" failed="0" skipped="0">
  <reporter-output>
  </reporter-output>
  <suite started-at="2022-06-07T21:54:59 EDT" name="Default suite" finished-at="2022-06-07T21:55:22 EDT" duration-ms="23508">
    <groups>
      <group name="regression">
        <method signature="LoginTest.emtyPasswordLogIn()[pri:0, instance:com.neotech.test.LoginTest@6e0f5f7f]" name="emtyPasswordLogIn" class="com.neotech.test.LoginTest"/>
        <method signature="LoginTest.invalidPasswordLogin()[pri:0, instance:com.neotech.test.LoginTest@6e0f5f7f]" name="invalidPasswordLogin" class="com.neotech.test.LoginTest"/>
        <method signature="LoginTest.validLogin()[pri:0, instance:com.neotech.test.LoginTest@6e0f5f7f]" name="validLogin" class="com.neotech.test.LoginTest"/>
      </group> <!-- regression -->
      <group name="smoke">
        <method signature="LoginTest.invalidPasswordLogin()[pri:0, instance:com.neotech.test.LoginTest@6e0f5f7f]" name="invalidPasswordLogin" class="com.neotech.test.LoginTest"/>
      </group> <!-- smoke -->
    </groups>
    <test started-at="2022-06-07T21:54:59 EDT" name="Default test" finished-at="2022-06-07T21:55:22 EDT" duration-ms="23508">
      <class name="com.neotech.test.LoginTest">
        <test-method is-config="true" signature="setUp()[pri:0, instance:com.neotech.test.LoginTest@6e0f5f7f]" started-at="2022-06-07T21:54:59 EDT" name="setUp" finished-at="2022-06-07T21:55:01 EDT" duration-ms="2491" status="PASS">
          <reporter-output>
          </reporter-output>
        </test-method> <!-- setUp -->
        <test-method signature="emtyPasswordLogIn()[pri:0, instance:com.neotech.test.LoginTest@6e0f5f7f]" started-at="2022-06-07T21:55:01 EDT" name="emtyPasswordLogIn" finished-at="2022-06-07T21:55:05 EDT" duration-ms="3420" status="PASS">
          <reporter-output>
          </reporter-output>
        </test-method> <!-- emtyPasswordLogIn -->
        <test-method is-config="true" signature="tearDown()[pri:0, instance:com.neotech.test.LoginTest@6e0f5f7f]" started-at="2022-06-07T21:55:05 EDT" name="tearDown" finished-at="2022-06-07T21:55:05 EDT" duration-ms="199" status="PASS">
          <reporter-output>
          </reporter-output>
        </test-method> <!-- tearDown -->
        <test-method is-config="true" signature="setUp()[pri:0, instance:com.neotech.test.LoginTest@6e0f5f7f]" started-at="2022-06-07T21:55:05 EDT" name="setUp" finished-at="2022-06-07T21:55:07 EDT" duration-ms="2022" status="PASS">
          <reporter-output>
          </reporter-output>
        </test-method> <!-- setUp -->
        <test-method signature="invalidPasswordLogin()[pri:0, instance:com.neotech.test.LoginTest@6e0f5f7f]" started-at="2022-06-07T21:55:07 EDT" name="invalidPasswordLogin" finished-at="2022-06-07T21:55:13 EDT" duration-ms="6413" status="PASS">
          <reporter-output>
          </reporter-output>
        </test-method> <!-- invalidPasswordLogin -->
        <test-method is-config="true" signature="tearDown()[pri:0, instance:com.neotech.test.LoginTest@6e0f5f7f]" started-at="2022-06-07T21:55:13 EDT" name="tearDown" finished-at="2022-06-07T21:55:14 EDT" duration-ms="301" status="PASS">
          <reporter-output>
          </reporter-output>
        </test-method> <!-- tearDown -->
        <test-method is-config="true" signature="setUp()[pri:0, instance:com.neotech.test.LoginTest@6e0f5f7f]" started-at="2022-06-07T21:55:14 EDT" name="setUp" finished-at="2022-06-07T21:55:16 EDT" duration-ms="1753" status="PASS">
          <reporter-output>
          </reporter-output>
        </test-method> <!-- setUp -->
        <test-method signature="validLogin()[pri:0, instance:com.neotech.test.LoginTest@6e0f5f7f]" started-at="2022-06-07T21:55:16 EDT" name="validLogin" finished-at="2022-06-07T21:55:22 EDT" duration-ms="6639" status="PASS">
          <reporter-output>
          </reporter-output>
        </test-method> <!-- validLogin -->
        <test-method is-config="true" signature="tearDown()[pri:0, instance:com.neotech.test.LoginTest@6e0f5f7f]" started-at="2022-06-07T21:55:22 EDT" name="tearDown" finished-at="2022-06-07T21:55:22 EDT" duration-ms="241" status="PASS">
          <reporter-output>
          </reporter-output>
        </test-method> <!-- tearDown -->
      </class> <!-- com.neotech.test.LoginTest -->
    </test> <!-- Default test -->
  </suite> <!-- Default suite -->
</testng-results>
