<?xml version="1.0" encoding="UTF-8"?>
<!-- Generated by org.testng.reporters.JUnitXMLReporter -->
<testsuite ignored="0" hostname="LAPTOP-0ET713J3" failures="0" tests="3" name="Default test" time="23.508" errors="0" timestamp="2022-06-07T21:55:22 EDT">
  <testcase classname="com.neotech.test.LoginTest" name="emtyPasswordLogIn" time="3.42"/>
  <testcase classname="com.neotech.test.LoginTest" name="invalidPasswordLogin" time="6.413"/>
  <testcase classname="com.neotech.test.LoginTest" name="validLogin" time="6.639"/>
</testsuite> <!-- Default test -->
