<?xml version="1.0" encoding="UTF-8"?>
<!-- Generated by org.testng.reporters.JUnitXMLReporter -->
<testsuite ignored="1" hostname="LAPTOP-0ET713J3" failures="0" tests="2" name="Test" time="14.863" errors="0" timestamp="2022-06-07T21:51:54 EDT">
  <testcase classname="com.neotech.test.LoginTest" name="emtyPasswordLogIn" time="3.337"/>
  <testcase classname="com.neotech.test.LoginTest" name="validLogin" time="6.513"/>
  <testcase classname="com.neotech.test.LoginTest" name="invalidPasswordLogin" time="0.0">
    <ignored/>
  </testcase> <!-- invalidPasswordLogin -->
</testsuite> <!-- Test -->
